51987512251:ENCOLADO ans_521d9028-9594-4d5e-9c6b-de904b8905a2
EJECUTANDO:ans_521d9028-9594-4d5e-9c6b-de904b8905a2
51987512251:SUCCESS
51987512251:ENCOLADO ans_8a3c2138-2dd9-4e8d-bcdc-2cc3ac726c7a
EJECUTANDO:ans_8a3c2138-2dd9-4e8d-bcdc-2cc3ac726c7a
51987512251:SUCCESS
51987512251:ENCOLADO ans_6a8eaf0a-63d4-4a51-9b93-a1dc08c9c20e
EJECUTANDO:ans_6a8eaf0a-63d4-4a51-9b93-a1dc08c9c20e
51987512251:SUCCESS
51987512251:ENCOLADO ans_9270e399-7c2e-487d-922a-dc5e0225f13c
EJECUTANDO:ans_9270e399-7c2e-487d-922a-dc5e0225f13c
51987512251:SUCCESS
51987512251:ENCOLADO ans_b2a413d2-53b4-4838-9adb-a1088f4cc77c
EJECUTANDO:ans_b2a413d2-53b4-4838-9adb-a1088f4cc77c
51987512251:SUCCESS
51987512251:ENCOLADO ans_0026557b-63ae-4366-9069-84f873f74a0e
EJECUTANDO:ans_0026557b-63ae-4366-9069-84f873f74a0e
51987512251:SUCCESS
51987512251:ENCOLADO ans_68632a78-0e2d-4a5d-a6f0-4c8788e2475c
EJECUTANDO:ans_68632a78-0e2d-4a5d-a6f0-4c8788e2475c
51987512251:SUCCESS
51987512251:ENCOLADO ans_09fad196-ca4b-4b50-ab81-b721e2a3dd58
EJECUTANDO:ans_09fad196-ca4b-4b50-ab81-b721e2a3dd58
51987512251:SUCCESS
51987512251:ENCOLADO ans_a76e3105-7531-4fb1-a21f-5a03ea7cf208
EJECUTANDO:ans_a76e3105-7531-4fb1-a21f-5a03ea7cf208
51987512251:SUCCESS
